# JRE version: Java(TM) SE Runtime Environment (18.0.2.1+1) (build 18.0.2.1+1-1)
# Java VM: Java HotSpot(TM) 64-Bit Server VM (18.0.2.1+1-1, mixed mode, emulated-client, sharing, tiered, compressed oops, compressed class ptrs, g1 gc, windows-amd64)
GC Precious Log:
 CardTable entry size: 512
 Card Set container configuration: InlinePtr #cards 5 size 8 Array Of Cards #cards 12 size 40 Howl #buckets 4 coarsen threshold 1843 Howl Bitmap #cards 512 size 80 coarsen threshold 460 Card regions per heap region 1 cards per card region 2048
 CPUs: 12 total, 12 available
 Memory: 8059M
 Large Page Support: Disabled
 NUMA Support: Disabled
 Compressed Oops: Enabled (32-bit)
 Heap Region Size: 1M
 Heap Min Capacity: 8M
 Heap Initial Capacity: 126M
 Heap Max Capacity: 2016M
 Pre-touch: Disabled
 Parallel Workers: 10
 Concurrent Workers: 3
 Concurrent Refinement Workers: 10
 Periodic GC: Disabled
Heap:
 garbage-first heap   total 139264K, used 102719K [0x0000000082000000, 0x0000000100000000)
  region size 1024K, 46 young (47104K), 3 survivors (3072K)
 Metaspace       used 78040K, committed 78912K, reserved 1179648K
  class space    used 10972K, committed 11328K, reserved 1048576K
GC Heap History (20 events):
Event: 12.676 GC heap after
{Heap after GC invocations=29 (full 0):
 garbage-first heap   total 96256K, used 46082K [0x0000000082000000, 0x0000000100000000)
  region size 1024K, 5 young (5120K), 5 survivors (5120K)
 Metaspace       used 68341K, committed 68928K, reserved 1114112K
  class space    used 9646K, committed 9920K, reserved 1048576K
}
Event: 12.958 GC heap before
{Heap before GC invocations=29 (full 0):
 garbage-first heap   total 96256K, used 78850K [0x0000000082000000, 0x0000000100000000)
  region size 1024K, 37 young (37888K), 5 survivors (5120K)
 Metaspace       used 68708K, committed 69248K, reserved 1114112K
  class space    used 9683K, committed 9920K, reserved 1048576K
}
Event: 12.963 GC heap after
{Heap after GC invocations=30 (full 0):
 garbage-first heap   total 96256K, used 47466K [0x0000000082000000, 0x0000000100000000)
  region size 1024K, 4 young (4096K), 4 survivors (4096K)
 Metaspace       used 68708K, committed 69248K, reserved 1114112K
  class space    used 9683K, committed 9920K, reserved 1048576K
}
Event: 13.349 GC heap before
{Heap before GC invocations=30 (full 0):
 garbage-first heap   total 96256K, used 80234K [0x0000000082000000, 0x0000000100000000)
  region size 1024K, 36 young (36864K), 4 survivors (4096K)
 Metaspace       used 69906K, committed 70464K, reserved 1114112K
  class space    used 9840K, committed 10112K, reserved 1048576K
}
Event: 13.355 GC heap after
{Heap after GC invocations=31 (full 0):
 garbage-first heap   total 115712K, used 48866K [0x0000000082000000, 0x0000000100000000)
  region size 1024K, 3 young (3072K), 3 survivors (3072K)
 Metaspace       used 69906K, committed 70464K, reserved 1114112K
  class space    used 9840K, committed 10112K, reserved 1048576K
}
Event: 14.345 GC heap before
{Heap before GC invocations=32 (full 0):
 garbage-first heap   total 115712K, used 94946K [0x0000000082000000, 0x0000000100000000)
  region size 1024K, 48 young (49152K), 3 survivors (3072K)
 Metaspace       used 71603K, committed 72128K, reserved 1114112K
  class space    used 10124K, committed 10368K, reserved 1048576K
}
Event: 14.350 GC heap after
{Heap after GC invocations=33 (full 0):
 garbage-first heap   total 115712K, used 50779K [0x0000000082000000, 0x0000000100000000)
  region size 1024K, 5 young (5120K), 5 survivors (5120K)
 Metaspace       used 71603K, committed 72128K, reserved 1114112K
  class space    used 10124K, committed 10368K, reserved 1048576K
}
Event: 14.921 GC heap before
{Heap before GC invocations=33 (full 0):
 garbage-first heap   total 115712K, used 95835K [0x0000000082000000, 0x0000000100000000)
  region size 1024K, 49 young (50176K), 5 survivors (5120K)
 Metaspace       used 73161K, committed 73664K, reserved 1114112K
  class space    used 10324K, committed 10560K, reserved 1048576K
}
Event: 14.928 GC heap after
{Heap after GC invocations=34 (full 0):
 garbage-first heap   total 115712K, used 52736K [0x0000000082000000, 0x0000000100000000)
  region size 1024K, 6 young (6144K), 6 survivors (6144K)
 Metaspace       used 73161K, committed 73664K, reserved 1114112K
  class space    used 10324K, committed 10560K, reserved 1048576K
}
Event: 15.431 GC heap before
{Heap before GC invocations=34 (full 0):
 garbage-first heap   total 115712K, used 95744K [0x0000000082000000, 0x0000000100000000)
  region size 1024K, 48 young (49152K), 6 survivors (6144K)
 Metaspace       used 74478K, committed 75072K, reserved 1114112K
  class space    used 10495K, committed 10752K, reserved 1048576K
}
Event: 15.439 GC heap after
{Heap after GC invocations=35 (full 0):
 garbage-first heap   total 115712K, used 54494K [0x0000000082000000, 0x0000000100000000)
  region size 1024K, 5 young (5120K), 5 survivors (5120K)
 Metaspace       used 74478K, committed 75072K, reserved 1114112K
  class space    used 10495K, committed 10752K, reserved 1048576K
}
Event: 15.916 GC heap before
{Heap before GC invocations=35 (full 0):
 garbage-first heap   total 115712K, used 95454K [0x0000000082000000, 0x0000000100000000)
  region size 1024K, 45 young (46080K), 5 survivors (5120K)
 Metaspace       used 75118K, committed 75712K, reserved 1114112K
  class space    used 10611K, committed 10880K, reserved 1048576K
}
Event: 15.923 GC heap after
{Heap after GC invocations=36 (full 0):
 garbage-first heap   total 115712K, used 56001K [0x0000000082000000, 0x0000000100000000)
  region size 1024K, 4 young (4096K), 4 survivors (4096K)
 Metaspace       used 75118K, committed 75712K, reserved 1114112K
  class space    used 10611K, committed 10880K, reserved 1048576K
}
Event: 16.346 GC heap before
{Heap before GC invocations=36 (full 0):
 garbage-first heap   total 115712K, used 96961K [0x0000000082000000, 0x0000000100000000)
  region size 1024K, 44 young (45056K), 4 survivors (4096K)
 Metaspace       used 75534K, committed 76224K, reserved 1114112K
  class space    used 10687K, committed 11008K, reserved 1048576K
}
Event: 16.351 GC heap after
{Heap after GC invocations=37 (full 0):
 garbage-first heap   total 115712K, used 57897K [0x0000000082000000, 0x0000000100000000)
  region size 1024K, 6 young (6144K), 6 survivors (6144K)
 Metaspace       used 75534K, committed 76224K, reserved 1114112K
  class space    used 10687K, committed 11008K, reserved 1048576K
}
Event: 17.124 GC heap before
{Heap before GC invocations=38 (full 0):
 garbage-first heap   total 115712K, used 95785K [0x0000000082000000, 0x0000000100000000)
  region size 1024K, 43 young (44032K), 6 survivors (6144K)
 Metaspace       used 77728K, committed 78400K, reserved 1179648K
  class space    used 10974K, committed 11264K, reserved 1048576K
}
Event: 17.131 GC heap after
{Heap after GC invocations=39 (full 0):
 garbage-first heap   total 115712K, used 59354K [0x0000000082000000, 0x0000000100000000)
  region size 1024K, 4 young (4096K), 4 survivors (4096K)
 Metaspace       used 77728K, committed 78400K, reserved 1179648K
  class space    used 10974K, committed 11264K, reserved 1048576K
}
Event: 315.302 GC heap before
{Heap before GC invocations=39 (full 0):
 garbage-first heap   total 115712K, used 97242K [0x0000000082000000, 0x0000000100000000)
  region size 1024K, 41 young (41984K), 4 survivors (4096K)
 Metaspace       used 78189K, committed 78912K, reserved 1179648K
  class space    used 11021K, committed 11328K, reserved 1048576K
}
Event: 315.449 GC heap after
{Heap after GC invocations=40 (full 0):
 garbage-first heap   total 139264K, used 59711K [0x0000000082000000, 0x0000000100000000)
  region size 1024K, 3 young (3072K), 3 survivors (3072K)
 Metaspace       used 78189K, committed 78912K, reserved 1179648K
  class space    used 11021K, committed 11328K, reserved 1048576K
}
Event: 681.013 GC heap before
{Heap before GC invocations=41 (full 0):
 garbage-first heap   total 139264K, used 102719K [0x0000000082000000, 0x0000000100000000)
  region size 1024K, 46 young (47104K), 3 survivors (3072K)
 Metaspace       used 78040K, committed 78912K, reserved 1179648K
  class space    used 10972K, committed 11328K, reserved 1048576K
}

