# JRE version: OpenJDK Runtime Environment Temurin-17.0.8.1+1 (17.0.8.1+1) (build 17.0.8.1+1)
# Java VM: OpenJDK 64-Bit Server VM Temurin-17.0.8.1+1 (17.0.8.1+1, mixed mode, tiered, compressed oops, compressed class ptrs, parallel gc, windows-amd64)
GC Precious Log:
 CPUs: 12 total, 12 available
 Memory: 8059M
 Large Page Support: Disabled
 NUMA Support: Disabled
 Compressed Oops: Enabled (32-bit)
 Alignments: Space 512K, Generation 512K, Heap 2M
 Heap Min Capacity: 100M
 Heap Initial Capacity: 100M
 Heap Max Capacity: 1G
 Pre-touch: Disabled
 Parallel Workers: 10
Heap:
 PSYoungGen      total 10240K, used 8514K [0x00000000eab00000, 0x00000000eb700000, 0x0000000100000000)
  eden space 9728K, 84% used [0x00000000eab00000,0x00000000eb310b10,0x00000000eb480000)
  from space 512K, 50% used [0x00000000eb680000,0x00000000eb6c0000,0x00000000eb700000)
  to   space 1024K, 0% used [0x00000000eb500000,0x00000000eb500000,0x00000000eb600000)
 ParOldGen       total 254464K, used 249956K [0x00000000c0000000, 0x00000000cf880000, 0x00000000eab00000)
  object space 254464K, 98% used [0x00000000c0000000,0x00000000cf4192a0,0x00000000cf880000)
 Metaspace       used 101049K, committed 102592K, reserved 1179648K
  class space    used 10299K, committed 11072K, reserved 1048576K
GC Heap History (20 events):
Event: 2280.967 GC heap before
{Heap before GC invocations=2342 (full 51):
 PSYoungGen      total 19456K, used 14848K [0x00000000eab00000, 0x00000000ec300000, 0x0000000100000000)
  eden space 14848K, 100% used [0x00000000eab00000,0x00000000eb980000,0x00000000eb980000)
  from space 4608K, 0% used [0x00000000ebe00000,0x00000000ebe00000,0x00000000ec280000)
  to   space 4608K, 0% used [0x00000000eb980000,0x00000000eb980000,0x00000000ebe00000)
 ParOldGen       total 171008K, used 113636K [0x00000000c0000000, 0x00000000ca700000, 0x00000000eab00000)
  object space 171008K, 66% used [0x00000000c0000000,0x00000000c6ef90d0,0x00000000ca700000)
 Metaspace       used 101020K, committed 102592K, reserved 1179648K
  class space    used 10299K, committed 11072K, reserved 1048576K
}
Event: 2280.969 GC heap after
{Heap after GC invocations=2342 (full 51):
 PSYoungGen      total 19456K, used 1216K [0x00000000eab00000, 0x00000000ec080000, 0x0000000100000000)
  eden space 14848K, 0% used [0x00000000eab00000,0x00000000eab00000,0x00000000eb980000)
  from space 4608K, 26% used [0x00000000eb980000,0x00000000ebab0000,0x00000000ebe00000)
  to   space 2560K, 0% used [0x00000000ebe00000,0x00000000ebe00000,0x00000000ec080000)
 ParOldGen       total 171008K, used 113636K [0x00000000c0000000, 0x00000000ca700000, 0x00000000eab00000)
  object space 171008K, 66% used [0x00000000c0000000,0x00000000c6ef90d0,0x00000000ca700000)
 Metaspace       used 101020K, committed 102592K, reserved 1179648K
  class space    used 10299K, committed 11072K, reserved 1048576K
}
Event: 2281.054 GC heap before
{Heap before GC invocations=2343 (full 51):
 PSYoungGen      total 19456K, used 16064K [0x00000000eab00000, 0x00000000ec080000, 0x0000000100000000)
  eden space 14848K, 100% used [0x00000000eab00000,0x00000000eb980000,0x00000000eb980000)
  from space 4608K, 26% used [0x00000000eb980000,0x00000000ebab0000,0x00000000ebe00000)
  to   space 2560K, 0% used [0x00000000ebe00000,0x00000000ebe00000,0x00000000ec080000)
 ParOldGen       total 171008K, used 113636K [0x00000000c0000000, 0x00000000ca700000, 0x00000000eab00000)
  object space 171008K, 66% used [0x00000000c0000000,0x00000000c6ef90d0,0x00000000ca700000)
 Metaspace       used 101020K, committed 102592K, reserved 1179648K
  class space    used 10299K, committed 11072K, reserved 1048576K
}
Event: 2281.058 GC heap after
{Heap after GC invocations=2343 (full 51):
 PSYoungGen      total 13824K, used 2557K [0x00000000eab00000, 0x00000000ecb00000, 0x0000000100000000)
  eden space 11264K, 0% used [0x00000000eab00000,0x00000000eab00000,0x00000000eb600000)
  from space 2560K, 99% used [0x00000000ebe00000,0x00000000ec07f498,0x00000000ec080000)
  to   space 8192K, 0% used [0x00000000eb600000,0x00000000eb600000,0x00000000ebe00000)
 ParOldGen       total 171008K, used 117979K [0x00000000c0000000, 0x00000000ca700000, 0x00000000eab00000)
  object space 171008K, 68% used [0x00000000c0000000,0x00000000c7336f30,0x00000000ca700000)
 Metaspace       used 101020K, committed 102592K, reserved 1179648K
  class space    used 10299K, committed 11072K, reserved 1048576K
}
Event: 2281.221 GC heap before
{Heap before GC invocations=2344 (full 51):
 PSYoungGen      total 13824K, used 13821K [0x00000000eab00000, 0x00000000ecb00000, 0x0000000100000000)
  eden space 11264K, 100% used [0x00000000eab00000,0x00000000eb600000,0x00000000eb600000)
  from space 2560K, 99% used [0x00000000ebe00000,0x00000000ec07f498,0x00000000ec080000)
  to   space 8192K, 0% used [0x00000000eb600000,0x00000000eb600000,0x00000000ebe00000)
 ParOldGen       total 171008K, used 117979K [0x00000000c0000000, 0x00000000ca700000, 0x00000000eab00000)
  object space 171008K, 68% used [0x00000000c0000000,0x00000000c7336f30,0x00000000ca700000)
 Metaspace       used 101042K, committed 102592K, reserved 1179648K
  class space    used 10299K, committed 11072K, reserved 1048576K
}
Event: 2281.224 GC heap after
{Heap after GC invocations=2344 (full 51):
 PSYoungGen      total 13312K, used 1696K [0x00000000eab00000, 0x00000000ebe80000, 0x0000000100000000)
  eden space 11264K, 0% used [0x00000000eab00000,0x00000000eab00000,0x00000000eb600000)
  from space 2048K, 82% used [0x00000000eb600000,0x00000000eb7a8000,0x00000000eb800000)
  to   space 3584K, 0% used [0x00000000ebb00000,0x00000000ebb00000,0x00000000ebe80000)
 ParOldGen       total 171008K, used 118401K [0x00000000c0000000, 0x00000000ca700000, 0x00000000eab00000)
  object space 171008K, 69% used [0x00000000c0000000,0x00000000c73a0650,0x00000000ca700000)
 Metaspace       used 101042K, committed 102592K, reserved 1179648K
  class space    used 10299K, committed 11072K, reserved 1048576K
}
Event: 2281.327 GC heap before
{Heap before GC invocations=2345 (full 51):
 PSYoungGen      total 13312K, used 12960K [0x00000000eab00000, 0x00000000ebe80000, 0x0000000100000000)
  eden space 11264K, 100% used [0x00000000eab00000,0x00000000eb600000,0x00000000eb600000)
  from space 2048K, 82% used [0x00000000eb600000,0x00000000eb7a8000,0x00000000eb800000)
  to   space 3584K, 0% used [0x00000000ebb00000,0x00000000ebb00000,0x00000000ebe80000)
 ParOldGen       total 171008K, used 118401K [0x00000000c0000000, 0x00000000ca700000, 0x00000000eab00000)
  object space 171008K, 69% used [0x00000000c0000000,0x00000000c73a0650,0x00000000ca700000)
 Metaspace       used 101042K, committed 102592K, reserved 1179648K
  class space    used 10299K, committed 11072K, reserved 1048576K
}
Event: 2281.330 GC heap after
{Heap after GC invocations=2345 (full 51):
 PSYoungGen      total 13312K, used 3565K [0x00000000eab00000, 0x00000000ec300000, 0x0000000100000000)
  eden space 9728K, 0% used [0x00000000eab00000,0x00000000eab00000,0x00000000eb480000)
  from space 3584K, 99% used [0x00000000ebb00000,0x00000000ebe7b770,0x00000000ebe80000)
  to   space 6656K, 0% used [0x00000000eb480000,0x00000000eb480000,0x00000000ebb00000)
 ParOldGen       total 171008K, used 120689K [0x00000000c0000000, 0x00000000ca700000, 0x00000000eab00000)
  object space 171008K, 70% used [0x00000000c0000000,0x00000000c75dc408,0x00000000ca700000)
 Metaspace       used 101042K, committed 102592K, reserved 1179648K
  class space    used 10299K, committed 11072K, reserved 1048576K
}
Event: 2281.398 GC heap before
{Heap before GC invocations=2346 (full 51):
 PSYoungGen      total 13312K, used 13293K [0x00000000eab00000, 0x00000000ec300000, 0x0000000100000000)
  eden space 9728K, 100% used [0x00000000eab00000,0x00000000eb480000,0x00000000eb480000)
  from space 3584K, 99% used [0x00000000ebb00000,0x00000000ebe7b770,0x00000000ebe80000)
  to   space 6656K, 0% used [0x00000000eb480000,0x00000000eb480000,0x00000000ebb00000)
 ParOldGen       total 171008K, used 120689K [0x00000000c0000000, 0x00000000ca700000, 0x00000000eab00000)
  object space 171008K, 70% used [0x00000000c0000000,0x00000000c75dc408,0x00000000ca700000)
 Metaspace       used 101042K, committed 102592K, reserved 1179648K
  class space    used 10299K, committed 11072K, reserved 1048576K
}
Event: 2281.402 GC heap after
{Heap after GC invocations=2346 (full 51):
 PSYoungGen      total 11264K, used 1392K [0x00000000eab00000, 0x00000000ebb80000, 0x0000000100000000)
  eden space 9728K, 0% used [0x00000000eab00000,0x00000000eab00000,0x00000000eb480000)
  from space 1536K, 90% used [0x00000000eb480000,0x00000000eb5dc010,0x00000000eb600000)
  to   space 3072K, 0% used [0x00000000eb880000,0x00000000eb880000,0x00000000ebb80000)
 ParOldGen       total 171008K, used 124264K [0x00000000c0000000, 0x00000000ca700000, 0x00000000eab00000)
  object space 171008K, 72% used [0x00000000c0000000,0x00000000c795a038,0x00000000ca700000)
 Metaspace       used 101042K, committed 102592K, reserved 1179648K
  class space    used 10299K, committed 11072K, reserved 1048576K
}
Event: 2281.481 GC heap before
{Heap before GC invocations=2347 (full 51):
 PSYoungGen      total 11264K, used 11120K [0x00000000eab00000, 0x00000000ebb80000, 0x0000000100000000)
  eden space 9728K, 100% used [0x00000000eab00000,0x00000000eb480000,0x00000000eb480000)
  from space 1536K, 90% used [0x00000000eb480000,0x00000000eb5dc010,0x00000000eb600000)
  to   space 3072K, 0% used [0x00000000eb880000,0x00000000eb880000,0x00000000ebb80000)
 ParOldGen       total 171008K, used 124264K [0x00000000c0000000, 0x00000000ca700000, 0x00000000eab00000)
  object space 171008K, 72% used [0x00000000c0000000,0x00000000c795a038,0x00000000ca700000)
 Metaspace       used 101042K, committed 102592K, reserved 1179648K
  class space    used 10299K, committed 11072K, reserved 1048576K
}
Event: 2281.484 GC heap after
{Heap after GC invocations=2347 (full 51):
 PSYoungGen      total 12800K, used 3041K [0x00000000eab00000, 0x00000000ebb80000, 0x0000000100000000)
  eden space 9728K, 0% used [0x00000000eab00000,0x00000000eab00000,0x00000000eb480000)
  from space 3072K, 98% used [0x00000000eb880000,0x00000000ebb78438,0x00000000ebb80000)
  to   space 3584K, 0% used [0x00000000eb480000,0x00000000eb480000,0x00000000eb800000)
 ParOldGen       total 171008K, used 124272K [0x00000000c0000000, 0x00000000ca700000, 0x00000000eab00000)
  object space 171008K, 72% used [0x00000000c0000000,0x00000000c795c038,0x00000000ca700000)
 Metaspace       used 101042K, committed 102592K, reserved 1179648K
  class space    used 10299K, committed 11072K, reserved 1048576K
}
Event: 2285.842 GC heap before
{Heap before GC invocations=2348 (full 51):
 PSYoungGen      total 12800K, used 8950K [0x00000000eab00000, 0x00000000ebb80000, 0x0000000100000000)
  eden space 9728K, 60% used [0x00000000eab00000,0x00000000eb0c5628,0x00000000eb480000)
  from space 3072K, 98% used [0x00000000eb880000,0x00000000ebb78438,0x00000000ebb80000)
  to   space 3584K, 0% used [0x00000000eb480000,0x00000000eb480000,0x00000000eb800000)
 ParOldGen       total 238080K, used 235632K [0x00000000c0000000, 0x00000000ce880000, 0x00000000eab00000)
  object space 238080K, 98% used [0x00000000c0000000,0x00000000ce61c0e8,0x00000000ce880000)
 Metaspace       used 101045K, committed 102592K, reserved 1179648K
  class space    used 10299K, committed 11072K, reserved 1048576K
}
Event: 2285.880 GC heap after
{Heap after GC invocations=2348 (full 51):
 PSYoungGen      total 10752K, used 880K [0x00000000eab00000, 0x00000000eb900000, 0x0000000100000000)
  eden space 9728K, 0% used [0x00000000eab00000,0x00000000eab00000,0x00000000eb480000)
  from space 1024K, 85% used [0x00000000eb480000,0x00000000eb55c010,0x00000000eb580000)
  to   space 2048K, 0% used [0x00000000eb700000,0x00000000eb700000,0x00000000eb900000)
 ParOldGen       total 238592K, used 238217K [0x00000000c0000000, 0x00000000ce900000, 0x00000000eab00000)
  object space 238592K, 99% used [0x00000000c0000000,0x00000000ce8a2520,0x00000000ce900000)
 Metaspace       used 101045K, committed 102592K, reserved 1179648K
  class space    used 10299K, committed 11072K, reserved 1048576K
}
Event: 2285.880 GC heap before
{Heap before GC invocations=2349 (full 52):
 PSYoungGen      total 10752K, used 880K [0x00000000eab00000, 0x00000000eb900000, 0x0000000100000000)
  eden space 9728K, 0% used [0x00000000eab00000,0x00000000eab00000,0x00000000eb480000)
  from space 1024K, 85% used [0x00000000eb480000,0x00000000eb55c010,0x00000000eb580000)
  to   space 2048K, 0% used [0x00000000eb700000,0x00000000eb700000,0x00000000eb900000)
 ParOldGen       total 238592K, used 238217K [0x00000000c0000000, 0x00000000ce900000, 0x00000000eab00000)
  object space 238592K, 99% used [0x00000000c0000000,0x00000000ce8a2520,0x00000000ce900000)
 Metaspace       used 101045K, committed 102592K, reserved 1179648K
  class space    used 10299K, committed 11072K, reserved 1048576K
}
Event: 2285.997 GC heap after
{Heap after GC invocations=2349 (full 52):
 PSYoungGen      total 11264K, used 0K [0x00000000eab00000, 0x00000000eb880000, 0x0000000100000000)
  eden space 9728K, 0% used [0x00000000eab00000,0x00000000eab00000,0x00000000eb480000)
  from space 1536K, 0% used [0x00000000eb700000,0x00000000eb700000,0x00000000eb880000)
  to   space 2048K, 0% used [0x00000000eb480000,0x00000000eb480000,0x00000000eb680000)
 ParOldGen       total 165376K, used 111737K [0x00000000c0000000, 0x00000000ca180000, 0x00000000eab00000)
  object space 165376K, 67% used [0x00000000c0000000,0x00000000c6d1e440,0x00000000ca180000)
 Metaspace       used 101045K, committed 102592K, reserved 1179648K
  class space    used 10299K, committed 11072K, reserved 1048576K
}
Event: 2286.523 GC heap before
{Heap before GC invocations=2350 (full 53):
 PSYoungGen      total 11264K, used 9728K [0x00000000eab00000, 0x00000000eb880000, 0x0000000100000000)
  eden space 9728K, 100% used [0x00000000eab00000,0x00000000eb480000,0x00000000eb480000)
  from space 1536K, 0% used [0x00000000eb700000,0x00000000eb700000,0x00000000eb880000)
  to   space 2048K, 0% used [0x00000000eb480000,0x00000000eb480000,0x00000000eb680000)
 ParOldGen       total 177152K, used 177017K [0x00000000c0000000, 0x00000000cad00000, 0x00000000eab00000)
  object space 177152K, 99% used [0x00000000c0000000,0x00000000cacde4a0,0x00000000cad00000)
 Metaspace       used 101047K, committed 102592K, reserved 1179648K
  class space    used 10299K, committed 11072K, reserved 1048576K
}
Event: 2286.657 GC heap after
{Heap after GC invocations=2350 (full 53):
 PSYoungGen      total 11776K, used 0K [0x00000000eab00000, 0x00000000eb880000, 0x0000000100000000)
  eden space 9728K, 0% used [0x00000000eab00000,0x00000000eab00000,0x00000000eb480000)
  from space 2048K, 0% used [0x00000000eb480000,0x00000000eb480000,0x00000000eb680000)
  to   space 2048K, 0% used [0x00000000eb680000,0x00000000eb680000,0x00000000eb880000)
 ParOldGen       total 143872K, used 92508K [0x00000000c0000000, 0x00000000c8c80000, 0x00000000eab00000)
  object space 143872K, 64% used [0x00000000c0000000,0x00000000c5a571b0,0x00000000c8c80000)
 Metaspace       used 101047K, committed 102592K, reserved 1179648K
  class space    used 10299K, committed 11072K, reserved 1048576K
}
Event: 2286.868 GC heap before
{Heap before GC invocations=2351 (full 53):
 PSYoungGen      total 11776K, used 9728K [0x00000000eab00000, 0x00000000eb880000, 0x0000000100000000)
  eden space 9728K, 100% used [0x00000000eab00000,0x00000000eb480000,0x00000000eb480000)
  from space 2048K, 0% used [0x00000000eb480000,0x00000000eb480000,0x00000000eb680000)
  to   space 2048K, 0% used [0x00000000eb680000,0x00000000eb680000,0x00000000eb880000)
 ParOldGen       total 210944K, used 207708K [0x00000000c0000000, 0x00000000cce00000, 0x00000000eab00000)
  object space 210944K, 98% used [0x00000000c0000000,0x00000000ccad7260,0x00000000cce00000)
 Metaspace       used 101048K, committed 102592K, reserved 1179648K
  class space    used 10299K, committed 11072K, reserved 1048576K
}
Event: 2286.870 GC heap after
{Heap after GC invocations=2351 (full 53):
 PSYoungGen      total 10240K, used 256K [0x00000000eab00000, 0x00000000eb700000, 0x0000000100000000)
  eden space 9728K, 0% used [0x00000000eab00000,0x00000000eab00000,0x00000000eb480000)
  from space 512K, 50% used [0x00000000eb680000,0x00000000eb6c0000,0x00000000eb700000)
  to   space 1024K, 0% used [0x00000000eb500000,0x00000000eb500000,0x00000000eb600000)
 ParOldGen       total 210944K, used 207716K [0x00000000c0000000, 0x00000000cce00000, 0x00000000eab00000)
  object space 210944K, 98% used [0x00000000c0000000,0x00000000ccad9260,0x00000000cce00000)
 Metaspace       used 101048K, committed 102592K, reserved 1179648K
  class space    used 10299K, committed 11072K, reserved 1048576K
}

