<?xml version="1.0" encoding="UTF-8"?>
<testsuite xmlns:xsi="http://www.w3.org/2001/XMLSchema-instance" xsi:noNamespaceSchemaLocation="https://maven.apache.org/surefire/maven-surefire-plugin/xsd/surefire-test-report-3.0.xsd" version="3.0" name="com.splitprice.TechnicalStructureTest" time="4.533" tests="1" errors="0" skipped="0" failures="0">
  <properties>
[...]
</properties>
  <testcase name="respectsTechnicalArchitectureLayers" classname="TechnicalStructureTest" time="4.532">
    <system-out><![CDATA[2023-11-25 18:43:46.414  INFO   --- [           main] com.tngtech.archunit.core.PluginLoader   : Detected Java version 18.0.2.1
2023-11-25 18:43:46.423 DEBUG   --- [           main] com.tngtech.archunit.core.PluginLoader   : Current Java version is compatible to JAVA_9 => Loading Plugin com.tngtech.archunit.core.importer.ModuleImportPlugin
]]></system-out>
  </testcase>
</testsuite>